{
 "cells": [
  {
   "cell_type": "code",
   "execution_count": 1,
   "metadata": {},
   "outputs": [],
   "source": [
    "import pandas as pd\n",
    "import numpy as np\n",
    "import datetime"
   ]
  },
  {
   "cell_type": "code",
   "execution_count": 2,
   "metadata": {},
   "outputs": [],
   "source": [
    "import pyodbc\n",
    "settings_pyodbc = {\"DRIVER\":\"{Oracle in OraClient12Home1}\", \n",
    "                    \"SERVER\":\"E03H.WORLD\", \n",
    "                    \"DBQ\":\"E03H\", \n",
    "                    \"UID\":\"DAZ91001\", \n",
    "                    \"PWD\":\"617030\"}\n",
    "#sqlの呼び出し関数\n",
    "def sql(query):\n",
    "    cnxn = pyodbc.connect(**settings_pyodbc)\n",
    "    return pd.read_sql(query, cnxn)"
   ]
  },
  {
   "cell_type": "code",
   "execution_count": 3,
   "metadata": {},
   "outputs": [],
   "source": [
    "today = int(datetime.date.today().strftime('%Y%m%d'))"
   ]
  },
  {
   "cell_type": "code",
   "execution_count": 4,
   "metadata": {},
   "outputs": [],
   "source": [
    "#片側の金額\n",
    "position_amt = 5*10**8\n",
    "#一銘柄当たりの片側ポートフォリオに占める上限\n",
    "limit_amt = 0.1\n",
    "#一日あたりの売買代金の何％までポジションを持つか\n",
    "limit_ryudousei = 0.5"
   ]
  },
  {
   "cell_type": "code",
   "execution_count": 5,
   "metadata": {},
   "outputs": [],
   "source": [
    "#加える株数\n",
    "def sql_weight():\n",
    "    query = f'''\n",
    "SELECT\n",
    "  CODE,\n",
    "  NAME,\n",
    "  INDST,\n",
    "  SIZE2,\n",
    "  PERIODM,\n",
    "  HAKKOUZUMI_OLD,\n",
    "  HAKKOUZUMI_NEW,\n",
    "  STD_PR_OLD,\n",
    "  STD_PR_NEW,\n",
    "  FFW_OLD,\n",
    "  FFW_NEW,\n",
    "  FFW_ESTIMATED,\n",
    "  TYOUSEI_KEISU_OLD,\n",
    "  TYOUSEI_KEISU_NEW,\n",
    "  SEIRI_KANRI_FLG\n",
    "FROM\n",
    "  PTEUC.TOPIX_FFW_WEIGHT\n",
    "WHERE \n",
    "  D_DATE = '{today}'\n",
    "    '''\n",
    "    return sql(query)\n",
    "df_weight = sql_weight()    "
   ]
  },
  {
   "cell_type": "code",
   "execution_count": 6,
   "metadata": {},
   "outputs": [],
   "source": [
    "df_weight['JIKASOUGAKU_OLD'] = df_weight['HAKKOUZUMI_OLD'] * df_weight['STD_PR_OLD'] * df_weight['FFW_OLD']\n",
    "df_weight['JIKASOUGAKU_NEW'] = df_weight['HAKKOUZUMI_NEW'] * df_weight['STD_PR_NEW'] * df_weight['FFW_NEW']"
   ]
  },
  {
   "cell_type": "code",
   "execution_count": 7,
   "metadata": {},
   "outputs": [],
   "source": [
    "df_weight['ALL_JIKASOUGAKU_OLD'] = df_weight['JIKASOUGAKU_OLD'].sum()\n",
    "df_weight['ALL_JIKASOUGAKU_NEW'] = df_weight['JIKASOUGAKU_NEW'].sum()"
   ]
  },
  {
   "cell_type": "code",
   "execution_count": 8,
   "metadata": {},
   "outputs": [],
   "source": [
    "df_weight['WEIGHT_OLD'] = df_weight['JIKASOUGAKU_OLD'] / df_weight['ALL_JIKASOUGAKU_OLD']\n",
    "df_weight['WEIGHT_NEW'] = df_weight['JIKASOUGAKU_NEW'] / df_weight['ALL_JIKASOUGAKU_NEW']"
   ]
  },
  {
   "cell_type": "code",
   "execution_count": 9,
   "metadata": {},
   "outputs": [],
   "source": [
    "df_weight['WEIGHT_DIFF'] = df_weight['WEIGHT_NEW'] - df_weight['WEIGHT_OLD']"
   ]
  },
  {
   "cell_type": "code",
   "execution_count": 10,
   "metadata": {},
   "outputs": [],
   "source": [
    "df_weight.to_excel(r\"S:\\B910\\商品一課\\TOPIXFFW予想\\ポジション\\weight_all{}.xlsx\".format(today))"
   ]
  },
  {
   "cell_type": "markdown",
   "metadata": {},
   "source": [
    "# ポジションは定期見直しが行われてFFWが変更された銘柄 or 調整係数が解除される銘柄\n",
    "# 整理管理銘柄に指定されている銘柄は除く"
   ]
  },
  {
   "cell_type": "code",
   "execution_count": 11,
   "metadata": {},
   "outputs": [],
   "source": [
    "#監理銘柄は除く\n",
    "df_weight1 = df_weight[((pd.notnull(df_weight['FFW_ESTIMATED']) & (df_weight['FFW_OLD']!=df_weight['FFW_NEW'])) |\n",
    "                       ((df_weight['TYOUSEI_KEISU_OLD']==0.75) & (df_weight['TYOUSEI_KEISU_NEW']==1))) &\n",
    "                       (df_weight['SEIRI_KANRI_FLG'] == '0')]"
   ]
  },
  {
   "cell_type": "code",
   "execution_count": 12,
   "metadata": {},
   "outputs": [],
   "source": [
    "df_long = df_weight1[df_weight1['WEIGHT_DIFF']>=0].copy()"
   ]
  },
  {
   "cell_type": "code",
   "execution_count": 13,
   "metadata": {},
   "outputs": [],
   "source": [
    "df_short = df_weight1[df_weight1['WEIGHT_DIFF']<0].copy()"
   ]
  },
  {
   "cell_type": "markdown",
   "metadata": {},
   "source": [
    "# WEIGHT_DIFFの合計を売りと買いで比較して大きい側を５億円とする"
   ]
  },
  {
   "cell_type": "code",
   "execution_count": 14,
   "metadata": {},
   "outputs": [],
   "source": [
    "#売買でどちらのポジションが大きいか\n",
    "max_pos = max(abs(df_long['WEIGHT_DIFF'].sum()), abs(df_short['WEIGHT_DIFF'].sum()))"
   ]
  },
  {
   "cell_type": "code",
   "execution_count": 15,
   "metadata": {},
   "outputs": [],
   "source": [
    "henkan = position_amt / max_pos"
   ]
  },
  {
   "cell_type": "code",
   "execution_count": 16,
   "metadata": {},
   "outputs": [],
   "source": [
    "df_long['POS_AMT'] = df_long['WEIGHT_DIFF'] * henkan\n",
    "df_short['POS_AMT'] = df_short['WEIGHT_DIFF'] * henkan"
   ]
  },
  {
   "cell_type": "code",
   "execution_count": 17,
   "metadata": {},
   "outputs": [],
   "source": [
    "df_pos = pd.concat([df_long, df_short])"
   ]
  },
  {
   "cell_type": "code",
   "execution_count": 18,
   "metadata": {},
   "outputs": [
    {
     "ename": "FileCreateError",
     "evalue": "[Errno 13] Permission denied: 'S:\\\\B910\\\\商品一課\\\\TOPIXFFW予想\\\\ポジション\\\\pos20240312.xlsx'",
     "output_type": "error",
     "traceback": [
      "\u001b[1;31m---------------------------------------------------------------------------\u001b[0m",
      "\u001b[1;31mPermissionError\u001b[0m                           Traceback (most recent call last)",
      "\u001b[1;32m~\\Anaconda3\\lib\\site-packages\\xlsxwriter\\workbook.py\u001b[0m in \u001b[0;36mclose\u001b[1;34m(self)\u001b[0m\n\u001b[0;32m    315\u001b[0m             \u001b[1;32mtry\u001b[0m\u001b[1;33m:\u001b[0m\u001b[1;33m\u001b[0m\u001b[1;33m\u001b[0m\u001b[0m\n\u001b[1;32m--> 316\u001b[1;33m                 \u001b[0mself\u001b[0m\u001b[1;33m.\u001b[0m\u001b[0m_store_workbook\u001b[0m\u001b[1;33m(\u001b[0m\u001b[1;33m)\u001b[0m\u001b[1;33m\u001b[0m\u001b[1;33m\u001b[0m\u001b[0m\n\u001b[0m\u001b[0;32m    317\u001b[0m             \u001b[1;32mexcept\u001b[0m \u001b[0mIOError\u001b[0m \u001b[1;32mas\u001b[0m \u001b[0me\u001b[0m\u001b[1;33m:\u001b[0m\u001b[1;33m\u001b[0m\u001b[1;33m\u001b[0m\u001b[0m\n",
      "\u001b[1;32m~\\Anaconda3\\lib\\site-packages\\xlsxwriter\\workbook.py\u001b[0m in \u001b[0;36m_store_workbook\u001b[1;34m(self)\u001b[0m\n\u001b[0;32m    631\u001b[0m         \u001b[1;32mexcept\u001b[0m \u001b[0mIOError\u001b[0m \u001b[1;32mas\u001b[0m \u001b[0me\u001b[0m\u001b[1;33m:\u001b[0m\u001b[1;33m\u001b[0m\u001b[1;33m\u001b[0m\u001b[0m\n\u001b[1;32m--> 632\u001b[1;33m             \u001b[1;32mraise\u001b[0m \u001b[0me\u001b[0m\u001b[1;33m\u001b[0m\u001b[1;33m\u001b[0m\u001b[0m\n\u001b[0m\u001b[0;32m    633\u001b[0m \u001b[1;33m\u001b[0m\u001b[0m\n",
      "\u001b[1;32m~\\Anaconda3\\lib\\site-packages\\xlsxwriter\\workbook.py\u001b[0m in \u001b[0;36m_store_workbook\u001b[1;34m(self)\u001b[0m\n\u001b[0;32m    629\u001b[0m             xlsx_file = ZipFile(self.filename, \"w\", compression=ZIP_DEFLATED,\n\u001b[1;32m--> 630\u001b[1;33m                                 allowZip64=self.allow_zip64)\n\u001b[0m\u001b[0;32m    631\u001b[0m         \u001b[1;32mexcept\u001b[0m \u001b[0mIOError\u001b[0m \u001b[1;32mas\u001b[0m \u001b[0me\u001b[0m\u001b[1;33m:\u001b[0m\u001b[1;33m\u001b[0m\u001b[1;33m\u001b[0m\u001b[0m\n",
      "\u001b[1;32m~\\Anaconda3\\lib\\zipfile.py\u001b[0m in \u001b[0;36m__init__\u001b[1;34m(self, file, mode, compression, allowZip64, compresslevel)\u001b[0m\n\u001b[0;32m   1239\u001b[0m                 \u001b[1;32mtry\u001b[0m\u001b[1;33m:\u001b[0m\u001b[1;33m\u001b[0m\u001b[1;33m\u001b[0m\u001b[0m\n\u001b[1;32m-> 1240\u001b[1;33m                     \u001b[0mself\u001b[0m\u001b[1;33m.\u001b[0m\u001b[0mfp\u001b[0m \u001b[1;33m=\u001b[0m \u001b[0mio\u001b[0m\u001b[1;33m.\u001b[0m\u001b[0mopen\u001b[0m\u001b[1;33m(\u001b[0m\u001b[0mfile\u001b[0m\u001b[1;33m,\u001b[0m \u001b[0mfilemode\u001b[0m\u001b[1;33m)\u001b[0m\u001b[1;33m\u001b[0m\u001b[1;33m\u001b[0m\u001b[0m\n\u001b[0m\u001b[0;32m   1241\u001b[0m                 \u001b[1;32mexcept\u001b[0m \u001b[0mOSError\u001b[0m\u001b[1;33m:\u001b[0m\u001b[1;33m\u001b[0m\u001b[1;33m\u001b[0m\u001b[0m\n",
      "\u001b[1;31mPermissionError\u001b[0m: [Errno 13] Permission denied: 'S:\\\\B910\\\\商品一課\\\\TOPIXFFW予想\\\\ポジション\\\\pos20240312.xlsx'",
      "\nDuring handling of the above exception, another exception occurred:\n",
      "\u001b[1;31mFileCreateError\u001b[0m                           Traceback (most recent call last)",
      "\u001b[1;32m<ipython-input-18-f3e4a6a1b168>\u001b[0m in \u001b[0;36m<module>\u001b[1;34m\u001b[0m\n\u001b[1;32m----> 1\u001b[1;33m \u001b[0mdf_pos\u001b[0m\u001b[1;33m.\u001b[0m\u001b[0mto_excel\u001b[0m\u001b[1;33m(\u001b[0m\u001b[1;34mr\"S:\\B910\\商品一課\\TOPIXFFW予想\\ポジション\\pos{}.xlsx\"\u001b[0m\u001b[1;33m.\u001b[0m\u001b[0mformat\u001b[0m\u001b[1;33m(\u001b[0m\u001b[0mtoday\u001b[0m\u001b[1;33m)\u001b[0m\u001b[1;33m)\u001b[0m\u001b[1;33m\u001b[0m\u001b[1;33m\u001b[0m\u001b[0m\n\u001b[0m",
      "\u001b[1;32m~\\Anaconda3\\lib\\site-packages\\pandas\\core\\generic.py\u001b[0m in \u001b[0;36mto_excel\u001b[1;34m(self, excel_writer, sheet_name, na_rep, float_format, columns, header, index, index_label, startrow, startcol, engine, merge_cells, encoding, inf_rep, verbose, freeze_panes)\u001b[0m\n\u001b[0;32m   2179\u001b[0m             \u001b[0mstartcol\u001b[0m\u001b[1;33m=\u001b[0m\u001b[0mstartcol\u001b[0m\u001b[1;33m,\u001b[0m\u001b[1;33m\u001b[0m\u001b[1;33m\u001b[0m\u001b[0m\n\u001b[0;32m   2180\u001b[0m             \u001b[0mfreeze_panes\u001b[0m\u001b[1;33m=\u001b[0m\u001b[0mfreeze_panes\u001b[0m\u001b[1;33m,\u001b[0m\u001b[1;33m\u001b[0m\u001b[1;33m\u001b[0m\u001b[0m\n\u001b[1;32m-> 2181\u001b[1;33m             \u001b[0mengine\u001b[0m\u001b[1;33m=\u001b[0m\u001b[0mengine\u001b[0m\u001b[1;33m,\u001b[0m\u001b[1;33m\u001b[0m\u001b[1;33m\u001b[0m\u001b[0m\n\u001b[0m\u001b[0;32m   2182\u001b[0m         )\n\u001b[0;32m   2183\u001b[0m \u001b[1;33m\u001b[0m\u001b[0m\n",
      "\u001b[1;32m~\\Anaconda3\\lib\\site-packages\\pandas\\io\\formats\\excel.py\u001b[0m in \u001b[0;36mwrite\u001b[1;34m(self, writer, sheet_name, startrow, startcol, freeze_panes, engine)\u001b[0m\n\u001b[0;32m    736\u001b[0m         )\n\u001b[0;32m    737\u001b[0m         \u001b[1;32mif\u001b[0m \u001b[0mneed_save\u001b[0m\u001b[1;33m:\u001b[0m\u001b[1;33m\u001b[0m\u001b[1;33m\u001b[0m\u001b[0m\n\u001b[1;32m--> 738\u001b[1;33m             \u001b[0mwriter\u001b[0m\u001b[1;33m.\u001b[0m\u001b[0msave\u001b[0m\u001b[1;33m(\u001b[0m\u001b[1;33m)\u001b[0m\u001b[1;33m\u001b[0m\u001b[1;33m\u001b[0m\u001b[0m\n\u001b[0m",
      "\u001b[1;32m~\\Anaconda3\\lib\\site-packages\\pandas\\io\\excel\\_xlsxwriter.py\u001b[0m in \u001b[0;36msave\u001b[1;34m(self)\u001b[0m\n\u001b[0;32m    193\u001b[0m         \"\"\"\n\u001b[0;32m    194\u001b[0m \u001b[1;33m\u001b[0m\u001b[0m\n\u001b[1;32m--> 195\u001b[1;33m         \u001b[1;32mreturn\u001b[0m \u001b[0mself\u001b[0m\u001b[1;33m.\u001b[0m\u001b[0mbook\u001b[0m\u001b[1;33m.\u001b[0m\u001b[0mclose\u001b[0m\u001b[1;33m(\u001b[0m\u001b[1;33m)\u001b[0m\u001b[1;33m\u001b[0m\u001b[1;33m\u001b[0m\u001b[0m\n\u001b[0m\u001b[0;32m    196\u001b[0m \u001b[1;33m\u001b[0m\u001b[0m\n\u001b[0;32m    197\u001b[0m     def write_cells(\n",
      "\u001b[1;32m~\\Anaconda3\\lib\\site-packages\\xlsxwriter\\workbook.py\u001b[0m in \u001b[0;36mclose\u001b[1;34m(self)\u001b[0m\n\u001b[0;32m    316\u001b[0m                 \u001b[0mself\u001b[0m\u001b[1;33m.\u001b[0m\u001b[0m_store_workbook\u001b[0m\u001b[1;33m(\u001b[0m\u001b[1;33m)\u001b[0m\u001b[1;33m\u001b[0m\u001b[1;33m\u001b[0m\u001b[0m\n\u001b[0;32m    317\u001b[0m             \u001b[1;32mexcept\u001b[0m \u001b[0mIOError\u001b[0m \u001b[1;32mas\u001b[0m \u001b[0me\u001b[0m\u001b[1;33m:\u001b[0m\u001b[1;33m\u001b[0m\u001b[1;33m\u001b[0m\u001b[0m\n\u001b[1;32m--> 318\u001b[1;33m                 \u001b[1;32mraise\u001b[0m \u001b[0mFileCreateError\u001b[0m\u001b[1;33m(\u001b[0m\u001b[0me\u001b[0m\u001b[1;33m)\u001b[0m\u001b[1;33m\u001b[0m\u001b[1;33m\u001b[0m\u001b[0m\n\u001b[0m\u001b[0;32m    319\u001b[0m             \u001b[1;32mexcept\u001b[0m \u001b[0mLargeZipFile\u001b[0m \u001b[1;32mas\u001b[0m \u001b[0me\u001b[0m\u001b[1;33m:\u001b[0m\u001b[1;33m\u001b[0m\u001b[1;33m\u001b[0m\u001b[0m\n\u001b[0;32m    320\u001b[0m                 raise FileSizeError(\"Filesize would require ZIP64 extensions. \"\n",
      "\u001b[1;31mFileCreateError\u001b[0m: [Errno 13] Permission denied: 'S:\\\\B910\\\\商品一課\\\\TOPIXFFW予想\\\\ポジション\\\\pos20240312.xlsx'"
     ]
    }
   ],
   "source": [
    "df_pos.to_excel(r\"S:\\B910\\商品一課\\TOPIXFFW予想\\ポジション\\pos{}.xlsx\".format(today))"
   ]
  },
  {
   "cell_type": "code",
   "execution_count": null,
   "metadata": {},
   "outputs": [],
   "source": []
  }
 ],
 "metadata": {
  "kernelspec": {
   "display_name": "Python 3 (ipykernel)",
   "language": "python",
   "name": "python3"
  },
  "language_info": {
   "codemirror_mode": {
    "name": "ipython",
    "version": 3
   },
   "file_extension": ".py",
   "mimetype": "text/x-python",
   "name": "python",
   "nbconvert_exporter": "python",
   "pygments_lexer": "ipython3",
   "version": "3.10.11"
  }
 },
 "nbformat": 4,
 "nbformat_minor": 4
}
